[0.000][INFO]:      ChromeDriver 26.0.1383.0 /private/var/folders/j_/p55zyfs10n1c6j91kn3p28q000060h/T/chromedriver_5110215147751020642
[0.709][FINE]:      Initializing session with capabilities {
   "browserName": "chrome",
   "platform": "ANY",
   "version": ""
}

[0.709][INFO]:      Launching chrome: /Applications/Google Chrome.app/Contents/MacOS/Google Chrome --disable-hang-monitor --disable-prompt-on-repost --dom-automation --full-memory-crash-report --no-default-browser-check --no-first-run --disable-background-networking --disable-sync --disable-translate --disable-web-resources --safebrowsing-disable-auto-update --safebrowsing-disable-download-protection --disable-client-side-phishing-detection --disable-component-update --disable-default-apps --enable-logging --log-level=1 --use-mock-keychain --ignore-certificate-errors about:blank
[1.077][INFO]:      Connected to Chrome successfully. Version: 28.0.1500.95
[1.085][FINE]:      Command received (/session/5dcfd7ebf68433f5b883bb448c831915)
[1.085][FINE]:      Command finished (/session/5dcfd7ebf68433f5b883bb448c831915) with response {
   "sessionId": "5dcfd7ebf68433f5b883bb448c831915",
   "status": 0,
   "value": {
      "acceptSslCerts": false,
      "applicationCacheEnabled": false,
      "browserConnectionEnabled": false,
      "browserName": "chrome",
      "chrome.chromedriverVersion": "26.0.1383.0",
      "cssSelectorsEnabled": true,
      "databaseEnabled": false,
      "handlesAlerts": true,
      "javascriptEnabled": true,
      "locationContextEnabled": false,
      "nativeEvents": true,
      "platform": "mac",
      "rotatable": false,
      "takesScreenshot": true,
      "version": "28.0.1500.95",
      "webStorageEnabled": true
   }
}

[1.101][FINE]:      Command received (/session/5dcfd7ebf68433f5b883bb448c831915/window/current/size) with params {
   "height": 768,
   "width": 1024,
   "windowHandle": "current"
}

[1.101][FINER]:     Waiting for all views to stop loading...
[1.101][FINER]:     Done waiting for all views to stop loading
[1.182][FINER]:     Waiting for all views to stop loading...
[1.185][FINER]:     Done waiting for all views to stop loading
[1.185][FINE]:      Command finished (/session/5dcfd7ebf68433f5b883bb448c831915/window/current/size) with response {
   "sessionId": "5dcfd7ebf68433f5b883bb448c831915",
   "status": 0,
   "value": {

   }
}

[1.216][FINE]:      Command received (/session/5dcfd7ebf68433f5b883bb448c831915/window_handle)
[1.216][FINER]:     Waiting for all views to stop loading...
[1.216][FINER]:     Done waiting for all views to stop loading
[1.216][FINER]:     Waiting for all views to stop loading...
[1.216][FINER]:     Done waiting for all views to stop loading
[1.216][FINE]:      Command finished (/session/5dcfd7ebf68433f5b883bb448c831915/window_handle) with response {
   "sessionId": "5dcfd7ebf68433f5b883bb448c831915",
   "status": 0,
   "value": "f1-2"
}

